d:\research-data\ood\oodpr\oodpr\debug\vc141.pdb
d:\research-data\ood\oodpr\oodpr\debug\vc141.idb
d:\research-data\ood\oodpr\oodpr\debug\cshapefactory.obj
d:\research-data\ood\oodpr\oodpr\debug\crectanglecreator.obj
d:\research-data\ood\oodpr\oodpr\debug\ccirclecreator.obj
d:\research-data\ood\oodpr\oodpr\debug\ctrianglecreator.obj
d:\research-data\ood\oodpr\oodpr\debug\oodpr.obj
d:\research-data\ood\oodpr\oodpr\debug\datainteraction.obj
d:\research-data\ood\oodpr\oodpr\debug\crectangle.obj
d:\research-data\ood\oodpr\oodpr\debug\ctriangle.obj
d:\research-data\ood\oodpr\oodpr\debug\cshapevisitor.obj
d:\research-data\ood\oodpr\oodpr\debug\ccircle.obj
d:\research-data\ood\oodpr\debug\oodpr.pdb
d:\research-data\ood\oodpr\oodpr\debug\oodpr.tlog\cl.command.1.tlog
d:\research-data\ood\oodpr\oodpr\debug\oodpr.tlog\cl.read.1.tlog
d:\research-data\ood\oodpr\oodpr\debug\oodpr.tlog\cl.write.1.tlog
d:\research-data\ood\oodpr\oodpr\debug\oodpr.tlog\link.10508-cvtres.read.1.tlog
d:\research-data\ood\oodpr\oodpr\debug\oodpr.tlog\link.10508-cvtres.write.1.tlog
d:\research-data\ood\oodpr\oodpr\debug\oodpr.tlog\link.10508-rc.read.1.tlog
d:\research-data\ood\oodpr\oodpr\debug\oodpr.tlog\link.10508-rc.write.1.tlog
d:\research-data\ood\oodpr\oodpr\debug\oodpr.tlog\link.10508.read.1.tlog
d:\research-data\ood\oodpr\oodpr\debug\oodpr.tlog\link.10508.write.1.tlog
d:\research-data\ood\oodpr\oodpr\debug\oodpr.tlog\link.command.1.tlog
d:\research-data\ood\oodpr\oodpr\debug\oodpr.tlog\link.read.1.tlog
d:\research-data\ood\oodpr\oodpr\debug\oodpr.tlog\link.write.1.tlog
