d:\research-data\ood\oodpr\oodpr\x64\debug\vc141.pdb
d:\research-data\ood\oodpr\oodpr\x64\debug\vc141.idb
d:\research-data\ood\oodpr\oodpr\x64\debug\crectanglecreator.obj
d:\research-data\ood\oodpr\oodpr\x64\debug\datainteraction.obj
d:\research-data\ood\oodpr\oodpr\x64\debug\oodpr.obj
d:\research-data\ood\oodpr\oodpr\x64\debug\ctrianglecreator.obj
d:\research-data\ood\oodpr\oodpr\x64\debug\ctriangle.obj
d:\research-data\ood\oodpr\oodpr\x64\debug\cshapevisitor.obj
d:\research-data\ood\oodpr\oodpr\x64\debug\cshapefactory.obj
d:\research-data\ood\oodpr\oodpr\x64\debug\crectangle.obj
d:\research-data\ood\oodpr\oodpr\x64\debug\ccirclecreator.obj
d:\research-data\ood\oodpr\oodpr\x64\debug\ccircle.obj
d:\research-data\ood\oodpr\x64\debug\oodpr.pdb
d:\research-data\ood\oodpr\oodpr\x64\debug\oodpr.tlog\cl.command.1.tlog
d:\research-data\ood\oodpr\oodpr\x64\debug\oodpr.tlog\cl.read.1.tlog
d:\research-data\ood\oodpr\oodpr\x64\debug\oodpr.tlog\cl.write.1.tlog
d:\research-data\ood\oodpr\oodpr\x64\debug\oodpr.tlog\link.8552-cvtres.read.1.tlog
d:\research-data\ood\oodpr\oodpr\x64\debug\oodpr.tlog\link.8552-cvtres.write.1.tlog
d:\research-data\ood\oodpr\oodpr\x64\debug\oodpr.tlog\link.8552-rc.read.1.tlog
d:\research-data\ood\oodpr\oodpr\x64\debug\oodpr.tlog\link.8552-rc.write.1.tlog
d:\research-data\ood\oodpr\oodpr\x64\debug\oodpr.tlog\link.8552.read.1.tlog
d:\research-data\ood\oodpr\oodpr\x64\debug\oodpr.tlog\link.8552.write.1.tlog
d:\research-data\ood\oodpr\oodpr\x64\debug\oodpr.tlog\link.command.1.tlog
d:\research-data\ood\oodpr\oodpr\x64\debug\oodpr.tlog\link.read.1.tlog
d:\research-data\ood\oodpr\oodpr\x64\debug\oodpr.tlog\link.write.1.tlog
